Campo invalido! Informe novamente.

Registro CBMA0309 inserido com sucesso.

Campo invalido! Informe novamente.

ERRO: Ja existe um registro com a chave primaria: CBMA0309.

Campo invalido! Informe novamente.

Campo invalido! Informe novamente.

Registro PKBR1911 inserido com sucesso.

Registro FIRE2204 inserido com sucesso.

Registro QLTN3005 inserido com sucesso.

Registro SLPY0809 inserido com sucesso.

Registro QTQG3101 inserido com sucesso.

Registro CKNA1309 inserido com sucesso.

Registro TRLI0309 inserido com sucesso.

[0]
[1]
[2]
[3]
[4] CBMA0309
[5] FIRE2204 TRLI0309
[6]
[7] QTQG3101
[8] CKNA1309
[9]
[10] PKBR1911 QLTN3005 SLPY0809
