[0] COSO1410 CRSA0904 KIFR2908 LNTB0506 OCPO1602
[1]
[2] AKAR0112
[3] LSIM0603
[4] ICZZ1710 QCPO1106
[5]
[6] QITN1203
[7] RIIG0906
[8] RIMI0102
[9] CEPO0110 SBFU1712
[10] ILFR1010
[11] IHTU1606 SPCA2504
[12] CISO0603 SFCA1211
[13] ICFR2209 ISBE2810 SQTC1001
[14]
[15]
[16]
[17] KHHJ2906
[18] SACU3101
[19]
[20]
[21] CAAN0111 CRHA1704 EQDE2712 QCXM0603
[22] BAAL3002 BSNU0303 CHAM1604
[23]
[24] KIIG1603
[25] KAHO3104 PCDI0407
[26]
[27] KCNA1606 LHKA1308
[28] CCSH2511
[29] KCZI2704 TIIG0910
[30] YIIG0908
[31] ETCL2601 SFYE0103
[32] CSMA1207
[33]
[34] CJLE1101 FCHU0608
[35] JIRO1110
[36] IQSW1310 IRSO2701 JKKU2811
[37] HKKA1309
[38]
[39] CKBA2702 HERY1403 ONSO0909 QHRY1311
[40] JHCH3102
[41]
[42] KPGO2905 NHLO0906
[43] CECL3102 RFSN1201
[44] NOOH2104 NSDU1912
[45]
[46]
[47]
[48] SNOH2411
[49] CSBA0107
[50] CNDU1610 FAFE1811 QHSW2601
[51] NJDU2203
[52] FRSA1911 NOAM0109
[53] CNDU2509 IKAR2901 JACP1805
[54] QATN0204
[55] EYME0306
[56]
[57] OCSN2104
[58] CKSM1601 IAZZ2509 ITWI3101 LRAC1106
[59] RKSA0102
[60]
ICFR2209
Incredible Miracle
CJ Entus
22/09/2012
27:11
Incredible Miracle
27
00
Frozen

CHAM1604
CJ Entus
H2k-Gaming
16/04/2014
30:19
CJ Entus
32
23
Ambition

QHRY1311
Qiao Gu Reapers
H2k-Gaming
13/11/2012
55:43
H2k-Gaming
10
30
Ryu

CECL3102
CJ Entus
Edward Gaming
31/02/2011
58:16
Edward Gaming
08
15
Clearlove

Registro nao encontrado!

Registro nao encontrado!

CECL3102
CJ Entus
Edward Gaming
31/02/2011
50:50
Edward Gaming
08
15
Clearlove

Registro nao encontrado!

Registro nao encontrado!

